This is pdfTeX, Version 3.1415926-1.40.11 (TeX Live 2010) (format=pdfetex 2010.11.3)  17 NOV 2010 10:56
entering extended mode
 restricted \write18 enabled.
 file:line:error style messages enabled.
 %&-line parsing enabled.
**/Users/ddj/.emacs.d/slime/doc/slime.texi
(/Users/ddj/.emacs.d/slime/doc/slime.texi
(/usr/local/texlive/2010/texmf-dist/tex/texinfo/texinfo.tex
Loading texinfo [version 2010-06-17.11]:
\bindingoffset=\dimen16
\normaloffset=\dimen17
\pagewidth=\dimen18
\pageheight=\dimen19
\outerhsize=\dimen20
\outervsize=\dimen21
\cornerlong=\dimen22
\cornerthick=\dimen23
\topandbottommargin=\dimen24
\headlinebox=\box16
\footlinebox=\box17
\margin=\insert252
\EMsimple=\toks13
\groupbox=\box18
\groupinvalidhelp=\toks14
\mil=\dimen25
\exdentamount=\skip18
\inmarginspacing=\skip19
 pdf,
\tempnum=\count27
\lnkcount=\count28
\filename=\toks15
\filenamelength=\count29
\pgn=\count30
\toksA=\toks16
\toksB=\toks17
\toksC=\toks18
\toksD=\toks19
\boxA=\box19
\countA=\count31
\nopdfimagehelp=\toks20
 fonts,
\sffam=\fam8
\textleading=\dimen26
 markup,
\fontdepth=\count32
 glyphs,
\errorbox=\box20

page headings,
\titlepagetopglue=\skip20
\titlepagebottomglue=\skip21
\evenheadline=\toks21
\oddheadline=\toks22
\evenfootline=\toks23
\oddfootline=\toks24
 tables,
\tableindent=\dimen27
\itemindent=\dimen28
\itemmargin=\dimen29
\itemmax=\dimen30
\itemno=\count33
\multitableparskip=\skip22
\multitableparindent=\skip23
\multitablecolspace=\dimen31
\multitablelinespace=\skip24
\colcount=\count34
\everytab=\toks25
 conditionals,
\doignorecount=\count35
 indexing,
\whatsitskip=\skip25
\whatsitpenalty=\count36
\secondaryindent=\skip26
\partialpage=\box21
\doublecolumnhsize=\dimen32
 sectioning,
\unnumberedno=\count37
\chapno=\count38
\secno=\count39
\subsecno=\count40
\subsubsecno=\count41
\appendixno=\count42
\absseclevel=\count43
\secbase=\count44
\chapheadingskip=\skip27
\secheadingskip=\skip28
\subsecheadingskip=\skip29
 toc,
\tocfile=\write0
\contentsrightmargin=\skip30
\savepageno=\count45
\lastnegativepageno=\count46
\tocindent=\dimen33
 environments,
\lispnarrowing=\skip31
\envskipamount=\skip32
\circthick=\dimen34
\cartouter=\dimen35
\cartinner=\dimen36
\normbskip=\skip33
\normpskip=\skip34
\normlskip=\skip35
\lskip=\skip36
\rskip=\skip37
\nonfillparindent=\dimen37
\tabw=\dimen38
\verbbox=\box22

defuns,
\defbodyindent=\skip38
\defargsindent=\skip39
\deflastargmargin=\skip40
\defunpenalty=\count47
\parencount=\count48
\brackcount=\count49
 macros,
\paramno=\count50
\macname=\toks26
 cross references,
\auxfile=\write1
\savesfregister=\count51
 insertions,
\footnoteno=\count52
\SAVEfootins=\box23
\SAVEmargin=\box24

(/usr/local/texlive/2010/texmf-dist/tex/generic/epsf/epsf.tex
This is `epsf.tex' v2.7.3 <23 July 2005>
\epsffilein=\read1
\epsfframemargin=\dimen39
\epsfframethickness=\dimen40
\epsfrsize=\dimen41
\epsftmp=\dimen42
\epsftsize=\dimen43
\epsfxsize=\dimen44
\epsfysize=\dimen45
\pspoints=\dimen46
)
\noepsfhelp=\toks27
 localization,
\nolanghelp=\toks28
\countUTFx=\count53
\countUTFy=\count54
\countUTFz=\count55
 formatting,
\defaultparindent=\dimen47
 and turning on texinfo input format.) (./slime.aux)
\openout1 = `slime.aux'.

@cpindfile=@write2
@fnindfile=@write3
@vrindfile=@write4
@tpindfile=@write5
@kyindfile=@write6
@pgindfile=@write7
 <./slime-small.pdf> [1
\openout2 = `slime.cp'.

\openout3 = `slime.fn'.

\openout4 = `slime.vr'.

\openout5 = `slime.tp'.

\openout6 = `slime.ky'.

\openout7 = `slime.pg'.

{/usr/local/texlive/2010/texmf-var/fonts/map/pdftex/updmap/pdftex.map}] [2] (./
slime.toc [-1] [-2]) [-3] (./slime.toc) (./slime.toc)
Chapter 1
\openout0 = `slime.toc'.

 Chapter 2 [1]
Underfull \hbox (badness 10000) in paragraph at lines 318--321
 []@textrm Corman Com-mon Lisp, ver-sion 2.51 or newer with the patches from

@hbox(7.60416+2.12917)x433.62, glue set 4.5808
.@glue(@leftskip) 21.68121
.@hbox(4.86667+0.0)x0.0, glue set - 12.70244fil
..@glue 0.0 plus 1.0fil minus 1.0fil
..@mathon
..@textsy ^^O
..@mathoff
..@kern 7.22743
.@textrm C
.@textrm o
.@textrm r
.etc.

[2] [3]
Overfull \hbox (20.69044pt too wide) in paragraph at lines 515--515
 []@texttt (NAME (PROGRAM PROGRAM-ARGS...) &key CODING-SYSTEM INIT INIT-FUNCTIO
N ENV)[] |

@hbox(7.60416+2.43333)x433.62
.@glue(@leftskip) 28.90755
.@hbox(0.0+0.0)x0.0
.@texttt (
.@texttt N
.@texttt A
.etc.

[4] Chapter 3 [5] [6] [7] [8] [9] [10] [11] [12] [13] [14] [15] Chapter 4
[16] [17] [18] Chapter 5 [19] [20] [21] Chapter 6 [22]
Underfull \hbox (badness 7168) in paragraph at lines 1684--1688
 @texttt symbol*[] @textrm (see [][]Section 8.5 [Com-pound Com-ple-tion], page 
33[][]), and

@hbox(8.2125+2.73749)x433.62, glue set 4.15726
.@glue(@leftskip) 57.81621
.@texttt s
.@texttt y
.@texttt m
.@texttt b
.etc.


Underfull \hbox (badness 10000) in paragraph at lines 1684--1688
 @texttt slime-fuzzy-complete-symbol[] @textrm (see [][]Section 8.6 [Fuzzy Com-
ple-tion],

@hbox(8.2125+2.73749)x433.62, glue set 4.71748
.@glue(@leftskip) 57.81621
.@texttt s
.@texttt l
.@texttt i
.@texttt m
.etc.

[23] [24] [25] Chapter 7 [26]
Overfull \hbox (26.43913pt too wide) in paragraph at lines 2004--2004
 []@texttt (swank:create-server :port 4005  :dont-close t :coding-system "utf-8
-unix")[] |

@hbox(7.60416+2.43333)x433.62
.@glue(@leftskip) 28.90755
.@hbox(0.0+0.0)x0.0
.@texttt (
.@texttt s
.@texttt w
.etc.

[27]
Overfull \hbox (14.94176pt too wide) in paragraph at lines 2069--2069
 []                                        @texttt :remote-host "remote.example
.com"[] |

@hbox(6.69167+2.43333)x433.62
.@glue(@leftskip) 28.90755
.@hbox(0.0+0.0)x0.0
.@penalty 10000
.@glue 5.74869
.@penalty 10000
.etc.

[28] Chapter 8 [29] [30] [31] [32] [33]
Overfull \hbox (15.27109pt too wide) in paragraph at lines 2490--2490
 []@texttt (defmethod initialize-instance :after ((object foo) &key blub))[] |

@hbox(7.60416+2.43333)x433.62
.@glue(@leftskip) 86.72375
.@hbox(0.0+0.0)x0.0
.@texttt (
.@texttt d
.@texttt e
.etc.

[34] [35] [36] [37] [38] [39] [40] [41] Chapter 9 [42] (./contributors.texi
Missing character: There is no Ã in font cmr10!
Missing character: There is no ¡ in font cmr10!
Missing character: There is no Ã in font cmr10!
Missing character: There is no ­ in font cmr10!
Missing character: There is no Ã in font cmr10!
Missing character: There is no ± in font cmr10!
Missing character: There is no Ã in font cmr10!
Missing character: There is no ¸ in font cmr10!
Missing character: There is no Ã in font cmr10!
Missing character: There is no ¸ in font cmr10!
Missing character: There is no Ã in font cmr10!
Missing character: There is no ­ in font cmr10!
Missing character: There is no Ã in font cmr10!
Missing character: There is no © in font cmr10!
Missing character: There is no Ã in font cmr10!
Missing character: There is no ¡ in font cmr10!
Missing character: There is no Ã in font cmr10!
Missing character: There is no © in font cmr10!
Missing character: There is no Ã in font cmr10!
Missing character: There is no ¡ in font cmr10!
Missing character: There is no Ã in font cmr10!
Missing character: There is no ¸ in font cmr10!
Missing character: There is no Ã in font cmr10!
Missing character: There is no ¥ in font cmr10!

[43]) (Key (Character) Index) [44] (./slime.kys [45])
(Command and Function Index) [46] (./slime.fns [47])
(Variable and Concept Index) [48] (./slime.vrs) [49] ) 
Here is how much of TeX's memory you used:
 2351 strings out of 495434
 30260 string characters out of 3159406
 112533 words of memory out of 3000000
 3543 multiletter control sequences out of 15000+200000
 32127 words of font info for 112 fonts, out of 3000000 for 9000
 900 hyphenation exceptions out of 8191
 16i,5n,17p,291b,571s stack positions out of 5000i,500n,10000p,200000b,50000s
</usr/local/texlive/2010/
texmf-dist/fonts/type1/public/amsfonts/cm/cmb10.pfb></usr/local/texlive/2010/te
xmf-dist/fonts/type1/public/amsfonts/cm/cmbx12.pfb></usr/local/texlive/2010/tex
mf-dist/fonts/type1/public/amsfonts/cm/cmmi10.pfb></usr/local/texlive/2010/texm
f-dist/fonts/type1/public/amsfonts/cm/cmmi12.pfb></usr/local/texlive/2010/texmf
-dist/fonts/type1/public/amsfonts/cm/cmmi9.pfb></usr/local/texlive/2010/texmf-d
ist/fonts/type1/public/amsfonts/cm/cmr10.pfb></usr/local/texlive/2010/texmf-dis
t/fonts/type1/public/amsfonts/cm/cmr7.pfb></usr/local/texlive/2010/texmf-dist/f
onts/type1/public/amsfonts/cm/cmr8.pfb></usr/local/texlive/2010/texmf-dist/font
s/type1/public/amsfonts/cm/cmr9.pfb></usr/local/texlive/2010/texmf-dist/fonts/t
ype1/public/amsfonts/cm/cmsl10.pfb></usr/local/texlive/2010/texmf-dist/fonts/ty
pe1/public/amsfonts/cm/cmsltt10.pfb></usr/local/texlive/2010/texmf-dist/fonts/t
ype1/public/amsfonts/cm/cmsy10.pfb></usr/local/texlive/2010/texmf-dist/fonts/ty
pe1/public/amsfonts/cm/cmti10.pfb></usr/local/texlive/2010/texmf-dist/fonts/typ
e1/public/amsfonts/cm/cmti9.pfb></usr/local/texlive/2010/texmf-dist/fonts/type1
/public/amsfonts/cm/cmtt10.pfb></usr/local/texlive/2010/texmf-dist/fonts/type1/
public/amsfonts/cm/cmtt12.pfb></usr/local/texlive/2010/texmf-dist/fonts/type1/p
ublic/amsfonts/cm/cmtt9.pfb>
Output written on slime.pdf (54 pages, 367100 bytes).
PDF statistics:
 1208 PDF objects out of 1440 (max. 8388607)
 1118 compressed objects within 12 object streams
 149 named destinations out of 1000 (max. 500000)
 706 words of extra memory for PDF output out of 10000 (max. 10000000)

